<?xml version="1.0" encoding="UTF-8"?>
<testsuite xmlns:xsi="http://www.w3.org/2001/XMLSchema-instance" xsi:noNamespaceSchemaLocation="https://maven.apache.org/surefire/maven-surefire-plugin/xsd/surefire-test-report.xsd" name="cn.ekgc.sms.AppTest" time="0.106" tests="1" errors="0" skipped="0" failures="0">
  <properties>
    <property name="sun.desktop" value="windows"/>
    <property name="awt.toolkit" value="sun.awt.windows.WToolkit"/>
    <property name="file.encoding.pkg" value="sun.io"/>
    <property name="java.specification.version" value="1.8"/>
    <property name="sun.cpu.isalist" value="amd64"/>
    <property name="sun.jnu.encoding" value="GBK"/>
    <property name="java.class.path" value="U:\springBoot\SMSProject\sms-commons\target\test-classes;U:\springBoot\SMSProject\sms-commons\target\classes;U:\mavenjar\junit\junit\4.11\junit-4.11.jar;U:\mavenjar\org\hamcrest\hamcrest-core\1.3\hamcrest-core-1.3.jar;U:\mavenjar\org\springframework\boot\spring-boot-starter-web\2.1.10.RELEASE\spring-boot-starter-web-2.1.10.RELEASE.jar;U:\mavenjar\org\springframework\boot\spring-boot-starter\2.1.10.RELEASE\spring-boot-starter-2.1.10.RELEASE.jar;U:\mavenjar\org\springframework\boot\spring-boot-starter-logging\2.1.10.RELEASE\spring-boot-starter-logging-2.1.10.RELEASE.jar;U:\mavenjar\ch\qos\logback\logback-classic\1.2.3\logback-classic-1.2.3.jar;U:\mavenjar\ch\qos\logback\logback-core\1.2.3\logback-core-1.2.3.jar;U:\mavenjar\org\apache\logging\log4j\log4j-to-slf4j\2.11.2\log4j-to-slf4j-2.11.2.jar;U:\mavenjar\org\apache\logging\log4j\log4j-api\2.11.2\log4j-api-2.11.2.jar;U:\mavenjar\org\slf4j\jul-to-slf4j\1.7.29\jul-to-slf4j-1.7.29.jar;U:\mavenjar\javax\annotation\javax.annotation-api\1.3.2\javax.annotation-api-1.3.2.jar;U:\mavenjar\org\springframework\spring-core\5.1.11.RELEASE\spring-core-5.1.11.RELEASE.jar;U:\mavenjar\org\springframework\spring-jcl\5.1.11.RELEASE\spring-jcl-5.1.11.RELEASE.jar;U:\mavenjar\org\springframework\boot\spring-boot-starter-json\2.1.10.RELEASE\spring-boot-starter-json-2.1.10.RELEASE.jar;U:\mavenjar\com\fasterxml\jackson\core\jackson-databind\2.9.10.1\jackson-databind-2.9.10.1.jar;U:\mavenjar\com\fasterxml\jackson\core\jackson-annotations\2.9.10\jackson-annotations-2.9.10.jar;U:\mavenjar\com\fasterxml\jackson\core\jackson-core\2.9.10\jackson-core-2.9.10.jar;U:\mavenjar\com\fasterxml\jackson\datatype\jackson-datatype-jdk8\2.9.10\jackson-datatype-jdk8-2.9.10.jar;U:\mavenjar\com\fasterxml\jackson\datatype\jackson-datatype-jsr310\2.9.10\jackson-datatype-jsr310-2.9.10.jar;U:\mavenjar\com\fasterxml\jackson\module\jackson-module-parameter-names\2.9.10\jackson-module-parameter-names-2.9.10.jar;U:\mavenjar\org\springframework\boot\spring-boot-starter-tomcat\2.1.10.RELEASE\spring-boot-starter-tomcat-2.1.10.RELEASE.jar;U:\mavenjar\org\apache\tomcat\embed\tomcat-embed-core\9.0.27\tomcat-embed-core-9.0.27.jar;U:\mavenjar\org\apache\tomcat\embed\tomcat-embed-el\9.0.27\tomcat-embed-el-9.0.27.jar;U:\mavenjar\org\apache\tomcat\embed\tomcat-embed-websocket\9.0.27\tomcat-embed-websocket-9.0.27.jar;U:\mavenjar\org\hibernate\validator\hibernate-validator\6.0.18.Final\hibernate-validator-6.0.18.Final.jar;U:\mavenjar\javax\validation\validation-api\2.0.1.Final\validation-api-2.0.1.Final.jar;U:\mavenjar\org\jboss\logging\jboss-logging\3.3.3.Final\jboss-logging-3.3.3.Final.jar;U:\mavenjar\com\fasterxml\classmate\1.4.0\classmate-1.4.0.jar;U:\mavenjar\org\springframework\spring-web\5.1.11.RELEASE\spring-web-5.1.11.RELEASE.jar;U:\mavenjar\org\springframework\spring-beans\5.1.11.RELEASE\spring-beans-5.1.11.RELEASE.jar;U:\mavenjar\org\springframework\spring-webmvc\5.1.11.RELEASE\spring-webmvc-5.1.11.RELEASE.jar;U:\mavenjar\org\springframework\spring-aop\5.1.11.RELEASE\spring-aop-5.1.11.RELEASE.jar;U:\mavenjar\org\springframework\spring-expression\5.1.11.RELEASE\spring-expression-5.1.11.RELEASE.jar;U:\mavenjar\org\apache\dubbo\dubbo\2.7.4.1\dubbo-2.7.4.1.jar;U:\mavenjar\org\springframework\spring-context\5.1.11.RELEASE\spring-context-5.1.11.RELEASE.jar;U:\mavenjar\org\javassist\javassist\3.20.0-GA\javassist-3.20.0-GA.jar;U:\mavenjar\io\netty\netty-all\4.1.43.Final\netty-all-4.1.43.Final.jar;U:\mavenjar\com\google\code\gson\gson\2.8.6\gson-2.8.6.jar;U:\mavenjar\org\yaml\snakeyaml\1.23\snakeyaml-1.23.jar;U:\mavenjar\org\apache\dubbo\dubbo-spring-boot-starter\2.7.4.1\dubbo-spring-boot-starter-2.7.4.1.jar;U:\mavenjar\org\apache\dubbo\dubbo-spring-boot-autoconfigure\2.7.4.1\dubbo-spring-boot-autoconfigure-2.7.4.1.jar;U:\mavenjar\org\apache\dubbo\dubbo-spring-boot-autoconfigure-compatible\2.7.4.1\dubbo-spring-boot-autoconfigure-compatible-2.7.4.1.jar;U:\mavenjar\com\101tec\zkclient\0.11\zkclient-0.11.jar;U:\mavenjar\org\apache\zookeeper\zookeeper\3.4.13\zookeeper-3.4.13.jar;U:\mavenjar\org\slf4j\slf4j-log4j12\1.7.29\slf4j-log4j12-1.7.29.jar;U:\mavenjar\log4j\log4j\1.2.17\log4j-1.2.17.jar;U:\mavenjar\jline\jline\0.9.94\jline-0.9.94.jar;U:\mavenjar\org\apache\yetus\audience-annotations\0.5.0\audience-annotations-0.5.0.jar;U:\mavenjar\io\netty\netty\3.10.6.Final\netty-3.10.6.Final.jar;U:\mavenjar\org\slf4j\slf4j-api\1.7.29\slf4j-api-1.7.29.jar;U:\mavenjar\org\apache\curator\curator-recipes\4.2.0\curator-recipes-4.2.0.jar;U:\mavenjar\org\apache\curator\curator-framework\4.2.0\curator-framework-4.2.0.jar;U:\mavenjar\org\apache\curator\curator-client\4.2.0\curator-client-4.2.0.jar;U:\mavenjar\com\google\guava\guava\27.0.1-jre\guava-27.0.1-jre.jar;U:\mavenjar\com\google\guava\failureaccess\1.0.1\failureaccess-1.0.1.jar;U:\mavenjar\com\google\guava\listenablefuture\9999.0-empty-to-avoid-conflict-with-guava\listenablefuture-9999.0-empty-to-avoid-conflict-with-guava.jar;U:\mavenjar\com\google\code\findbugs\jsr305\3.0.2\jsr305-3.0.2.jar;U:\mavenjar\org\checkerframework\checker-qual\2.5.2\checker-qual-2.5.2.jar;U:\mavenjar\com\google\errorprone\error_prone_annotations\2.2.0\error_prone_annotations-2.2.0.jar;U:\mavenjar\com\google\j2objc\j2objc-annotations\1.1\j2objc-annotations-1.1.jar;U:\mavenjar\org\codehaus\mojo\animal-sniffer-annotations\1.17\animal-sniffer-annotations-1.17.jar;U:\mavenjar\org\springframework\boot\spring-boot-devtools\2.1.10.RELEASE\spring-boot-devtools-2.1.10.RELEASE.jar;U:\mavenjar\org\springframework\boot\spring-boot\2.1.10.RELEASE\spring-boot-2.1.10.RELEASE.jar;U:\mavenjar\org\springframework\boot\spring-boot-autoconfigure\2.1.10.RELEASE\spring-boot-autoconfigure-2.1.10.RELEASE.jar;"/>
    <property name="java.vm.vendor" value="Oracle Corporation"/>
    <property name="sun.arch.data.model" value="64"/>
    <property name="user.variant" value=""/>
    <property name="java.vendor.url" value="http://java.oracle.com/"/>
    <property name="user.timezone" value="Asia/Shanghai"/>
    <property name="java.vm.specification.version" value="1.8"/>
    <property name="os.name" value="Windows 10"/>
    <property name="user.country" value="CN"/>
    <property name="sun.java.launcher" value="SUN_STANDARD"/>
    <property name="sun.boot.library.path" value="C:\Program Files\Java\jdk1.8.0_221\jre\bin"/>
    <property name="sun.java.command" value="C:\Users\ADMINI~1\AppData\Local\Temp\surefire8051189291561748847\surefirebooter518361839490713452.jar C:\Users\Administrator\AppData\Local\Temp\surefire8051189291561748847 2019-12-03T17-46-44_775-jvmRun1 surefire5752910393310006284tmp surefire_08542583864765223274tmp"/>
    <property name="surefire.test.class.path" value="U:\springBoot\SMSProject\sms-commons\target\test-classes;U:\springBoot\SMSProject\sms-commons\target\classes;U:\mavenjar\junit\junit\4.11\junit-4.11.jar;U:\mavenjar\org\hamcrest\hamcrest-core\1.3\hamcrest-core-1.3.jar;U:\mavenjar\org\springframework\boot\spring-boot-starter-web\2.1.10.RELEASE\spring-boot-starter-web-2.1.10.RELEASE.jar;U:\mavenjar\org\springframework\boot\spring-boot-starter\2.1.10.RELEASE\spring-boot-starter-2.1.10.RELEASE.jar;U:\mavenjar\org\springframework\boot\spring-boot-starter-logging\2.1.10.RELEASE\spring-boot-starter-logging-2.1.10.RELEASE.jar;U:\mavenjar\ch\qos\logback\logback-classic\1.2.3\logback-classic-1.2.3.jar;U:\mavenjar\ch\qos\logback\logback-core\1.2.3\logback-core-1.2.3.jar;U:\mavenjar\org\apache\logging\log4j\log4j-to-slf4j\2.11.2\log4j-to-slf4j-2.11.2.jar;U:\mavenjar\org\apache\logging\log4j\log4j-api\2.11.2\log4j-api-2.11.2.jar;U:\mavenjar\org\slf4j\jul-to-slf4j\1.7.29\jul-to-slf4j-1.7.29.jar;U:\mavenjar\javax\annotation\javax.annotation-api\1.3.2\javax.annotation-api-1.3.2.jar;U:\mavenjar\org\springframework\spring-core\5.1.11.RELEASE\spring-core-5.1.11.RELEASE.jar;U:\mavenjar\org\springframework\spring-jcl\5.1.11.RELEASE\spring-jcl-5.1.11.RELEASE.jar;U:\mavenjar\org\springframework\boot\spring-boot-starter-json\2.1.10.RELEASE\spring-boot-starter-json-2.1.10.RELEASE.jar;U:\mavenjar\com\fasterxml\jackson\core\jackson-databind\2.9.10.1\jackson-databind-2.9.10.1.jar;U:\mavenjar\com\fasterxml\jackson\core\jackson-annotations\2.9.10\jackson-annotations-2.9.10.jar;U:\mavenjar\com\fasterxml\jackson\core\jackson-core\2.9.10\jackson-core-2.9.10.jar;U:\mavenjar\com\fasterxml\jackson\datatype\jackson-datatype-jdk8\2.9.10\jackson-datatype-jdk8-2.9.10.jar;U:\mavenjar\com\fasterxml\jackson\datatype\jackson-datatype-jsr310\2.9.10\jackson-datatype-jsr310-2.9.10.jar;U:\mavenjar\com\fasterxml\jackson\module\jackson-module-parameter-names\2.9.10\jackson-module-parameter-names-2.9.10.jar;U:\mavenjar\org\springframework\boot\spring-boot-starter-tomcat\2.1.10.RELEASE\spring-boot-starter-tomcat-2.1.10.RELEASE.jar;U:\mavenjar\org\apache\tomcat\embed\tomcat-embed-core\9.0.27\tomcat-embed-core-9.0.27.jar;U:\mavenjar\org\apache\tomcat\embed\tomcat-embed-el\9.0.27\tomcat-embed-el-9.0.27.jar;U:\mavenjar\org\apache\tomcat\embed\tomcat-embed-websocket\9.0.27\tomcat-embed-websocket-9.0.27.jar;U:\mavenjar\org\hibernate\validator\hibernate-validator\6.0.18.Final\hibernate-validator-6.0.18.Final.jar;U:\mavenjar\javax\validation\validation-api\2.0.1.Final\validation-api-2.0.1.Final.jar;U:\mavenjar\org\jboss\logging\jboss-logging\3.3.3.Final\jboss-logging-3.3.3.Final.jar;U:\mavenjar\com\fasterxml\classmate\1.4.0\classmate-1.4.0.jar;U:\mavenjar\org\springframework\spring-web\5.1.11.RELEASE\spring-web-5.1.11.RELEASE.jar;U:\mavenjar\org\springframework\spring-beans\5.1.11.RELEASE\spring-beans-5.1.11.RELEASE.jar;U:\mavenjar\org\springframework\spring-webmvc\5.1.11.RELEASE\spring-webmvc-5.1.11.RELEASE.jar;U:\mavenjar\org\springframework\spring-aop\5.1.11.RELEASE\spring-aop-5.1.11.RELEASE.jar;U:\mavenjar\org\springframework\spring-expression\5.1.11.RELEASE\spring-expression-5.1.11.RELEASE.jar;U:\mavenjar\org\apache\dubbo\dubbo\2.7.4.1\dubbo-2.7.4.1.jar;U:\mavenjar\org\springframework\spring-context\5.1.11.RELEASE\spring-context-5.1.11.RELEASE.jar;U:\mavenjar\org\javassist\javassist\3.20.0-GA\javassist-3.20.0-GA.jar;U:\mavenjar\io\netty\netty-all\4.1.43.Final\netty-all-4.1.43.Final.jar;U:\mavenjar\com\google\code\gson\gson\2.8.6\gson-2.8.6.jar;U:\mavenjar\org\yaml\snakeyaml\1.23\snakeyaml-1.23.jar;U:\mavenjar\org\apache\dubbo\dubbo-spring-boot-starter\2.7.4.1\dubbo-spring-boot-starter-2.7.4.1.jar;U:\mavenjar\org\apache\dubbo\dubbo-spring-boot-autoconfigure\2.7.4.1\dubbo-spring-boot-autoconfigure-2.7.4.1.jar;U:\mavenjar\org\apache\dubbo\dubbo-spring-boot-autoconfigure-compatible\2.7.4.1\dubbo-spring-boot-autoconfigure-compatible-2.7.4.1.jar;U:\mavenjar\com\101tec\zkclient\0.11\zkclient-0.11.jar;U:\mavenjar\org\apache\zookeeper\zookeeper\3.4.13\zookeeper-3.4.13.jar;U:\mavenjar\org\slf4j\slf4j-log4j12\1.7.29\slf4j-log4j12-1.7.29.jar;U:\mavenjar\log4j\log4j\1.2.17\log4j-1.2.17.jar;U:\mavenjar\jline\jline\0.9.94\jline-0.9.94.jar;U:\mavenjar\org\apache\yetus\audience-annotations\0.5.0\audience-annotations-0.5.0.jar;U:\mavenjar\io\netty\netty\3.10.6.Final\netty-3.10.6.Final.jar;U:\mavenjar\org\slf4j\slf4j-api\1.7.29\slf4j-api-1.7.29.jar;U:\mavenjar\org\apache\curator\curator-recipes\4.2.0\curator-recipes-4.2.0.jar;U:\mavenjar\org\apache\curator\curator-framework\4.2.0\curator-framework-4.2.0.jar;U:\mavenjar\org\apache\curator\curator-client\4.2.0\curator-client-4.2.0.jar;U:\mavenjar\com\google\guava\guava\27.0.1-jre\guava-27.0.1-jre.jar;U:\mavenjar\com\google\guava\failureaccess\1.0.1\failureaccess-1.0.1.jar;U:\mavenjar\com\google\guava\listenablefuture\9999.0-empty-to-avoid-conflict-with-guava\listenablefuture-9999.0-empty-to-avoid-conflict-with-guava.jar;U:\mavenjar\com\google\code\findbugs\jsr305\3.0.2\jsr305-3.0.2.jar;U:\mavenjar\org\checkerframework\checker-qual\2.5.2\checker-qual-2.5.2.jar;U:\mavenjar\com\google\errorprone\error_prone_annotations\2.2.0\error_prone_annotations-2.2.0.jar;U:\mavenjar\com\google\j2objc\j2objc-annotations\1.1\j2objc-annotations-1.1.jar;U:\mavenjar\org\codehaus\mojo\animal-sniffer-annotations\1.17\animal-sniffer-annotations-1.17.jar;U:\mavenjar\org\springframework\boot\spring-boot-devtools\2.1.10.RELEASE\spring-boot-devtools-2.1.10.RELEASE.jar;U:\mavenjar\org\springframework\boot\spring-boot\2.1.10.RELEASE\spring-boot-2.1.10.RELEASE.jar;U:\mavenjar\org\springframework\boot\spring-boot-autoconfigure\2.1.10.RELEASE\spring-boot-autoconfigure-2.1.10.RELEASE.jar;"/>
    <property name="sun.cpu.endian" value="little"/>
    <property name="user.home" value="C:\Users\Administrator"/>
    <property name="user.language" value="zh"/>
    <property name="java.specification.vendor" value="Oracle Corporation"/>
    <property name="java.home" value="C:\Program Files\Java\jdk1.8.0_221\jre"/>
    <property name="basedir" value="U:\springBoot\SMSProject\sms-commons"/>
    <property name="file.separator" value="\"/>
    <property name="line.separator" value="&#10;"/>
    <property name="idea.version2019.2.4" value="true"/>
    <property name="java.vm.specification.vendor" value="Oracle Corporation"/>
    <property name="java.specification.name" value="Java Platform API Specification"/>
    <property name="java.awt.graphicsenv" value="sun.awt.Win32GraphicsEnvironment"/>
    <property name="surefire.real.class.path" value="C:\Users\ADMINI~1\AppData\Local\Temp\surefire8051189291561748847\surefirebooter518361839490713452.jar"/>
    <property name="sun.boot.class.path" value="C:\Program Files\Java\jdk1.8.0_221\jre\lib\resources.jar;C:\Program Files\Java\jdk1.8.0_221\jre\lib\rt.jar;C:\Program Files\Java\jdk1.8.0_221\jre\lib\sunrsasign.jar;C:\Program Files\Java\jdk1.8.0_221\jre\lib\jsse.jar;C:\Program Files\Java\jdk1.8.0_221\jre\lib\jce.jar;C:\Program Files\Java\jdk1.8.0_221\jre\lib\charsets.jar;C:\Program Files\Java\jdk1.8.0_221\jre\lib\jfr.jar;C:\Program Files\Java\jdk1.8.0_221\jre\classes"/>
    <property name="user.script" value=""/>
    <property name="sun.management.compiler" value="HotSpot 64-Bit Tiered Compilers"/>
    <property name="java.runtime.version" value="1.8.0_221-b11"/>
    <property name="user.name" value="Administrator"/>
    <property name="path.separator" value=";"/>
    <property name="os.version" value="10.0"/>
    <property name="java.endorsed.dirs" value="C:\Program Files\Java\jdk1.8.0_221\jre\lib\endorsed"/>
    <property name="java.runtime.name" value="Java(TM) SE Runtime Environment"/>
    <property name="file.encoding" value="GBK"/>
    <property name="java.vm.name" value="Java HotSpot(TM) 64-Bit Server VM"/>
    <property name="localRepository" value="U:\mavenjar"/>
    <property name="java.vendor.url.bug" value="http://bugreport.sun.com/bugreport/"/>
    <property name="java.io.tmpdir" value="C:\Users\ADMINI~1\AppData\Local\Temp\"/>
    <property name="java.version" value="1.8.0_221"/>
    <property name="user.dir" value="U:\springBoot\SMSProject\sms-commons"/>
    <property name="os.arch" value="amd64"/>
    <property name="java.vm.specification.name" value="Java Virtual Machine Specification"/>
    <property name="java.awt.printerjob" value="sun.awt.windows.WPrinterJob"/>
    <property name="sun.os.patch.level" value=""/>
    <property name="java.library.path" value="C:\Program Files\Java\jdk1.8.0_221\jre\bin;C:\Windows\Sun\Java\bin;C:\Windows\system32;C:\Windows;C:\Program Files (x86)\Common Files\Oracle\Java\javapath;C:\Windows\system32;C:\Windows;C:\Windows\System32\Wbem;C:\Windows\System32\WindowsPowerShell\v1.0\;C:\Windows\System32\OpenSSH\;C:\Program Files\Java\jdk1.8.0_221\bin;."/>
    <property name="java.vm.info" value="mixed mode"/>
    <property name="java.vendor" value="Oracle Corporation"/>
    <property name="java.vm.version" value="25.221-b11"/>
    <property name="java.ext.dirs" value="C:\Program Files\Java\jdk1.8.0_221\jre\lib\ext;C:\Windows\Sun\Java\lib\ext"/>
    <property name="sun.io.unicode.encoding" value="UnicodeLittle"/>
    <property name="java.class.version" value="52.0"/>
  </properties>
  <testcase name="shouldAnswerWithTrue" classname="cn.ekgc.sms.AppTest" time="0.004"/>
</testsuite>